<?xml version="1.0" encoding="UTF-8"?>
<testng-results ignored="0" total="2" passed="2" failed="0" skipped="0">
  <reporter-output>
  </reporter-output>
  <suite started-at="2020-06-23T08:54:24 EDT" name="Default suite" finished-at="2020-06-23T08:54:51 EDT" duration-ms="27637">
    <groups>
    </groups>
    <test started-at="2020-06-23T08:54:24 EDT" name="Default test" finished-at="2020-06-23T08:54:51 EDT" duration-ms="27637">
      <class name="btAat062020.BeforeAndAfterMeth">
        <test-method is-config="true" signature="openBrowser()[pri:0, instance:btAat062020.BeforeAndAfterMeth@402e37bc]" started-at="2020-06-23T08:54:24 EDT" name="openBrowser" finished-at="2020-06-23T08:54:33 EDT" duration-ms="9462" status="PASS">
          <reporter-output>
          </reporter-output>
        </test-method> <!-- openBrowser -->
        <test-method signature="signinFBTest()[pri:0, instance:btAat062020.BeforeAndAfterMeth@402e37bc]" started-at="2020-06-23T08:54:33 EDT" name="signinFBTest" finished-at="2020-06-23T08:54:34 EDT" duration-ms="634" status="PASS">
          <reporter-output>
          </reporter-output>
        </test-method> <!-- signinFBTest -->
        <test-method is-config="true" signature="closeBrowser()[pri:0, instance:btAat062020.BeforeAndAfterMeth@402e37bc]" started-at="2020-06-23T08:54:34 EDT" name="closeBrowser" finished-at="2020-06-23T08:54:34 EDT" duration-ms="153" status="PASS">
          <reporter-output>
          </reporter-output>
        </test-method> <!-- closeBrowser -->
        <test-method is-config="true" signature="openBrowser()[pri:0, instance:btAat062020.BeforeAndAfterMeth@402e37bc]" started-at="2020-06-23T08:54:34 EDT" name="openBrowser" finished-at="2020-06-23T08:54:46 EDT" duration-ms="11859" status="PASS">
          <reporter-output>
          </reporter-output>
        </test-method> <!-- openBrowser -->
        <test-method signature="signupFBTest()[pri:0, instance:btAat062020.BeforeAndAfterMeth@402e37bc]" started-at="2020-06-23T08:54:46 EDT" name="signupFBTest" finished-at="2020-06-23T08:54:47 EDT" duration-ms="1142" status="PASS">
          <reporter-output>
          </reporter-output>
        </test-method> <!-- signupFBTest -->
        <test-method is-config="true" signature="closeBrowser()[pri:0, instance:btAat062020.BeforeAndAfterMeth@402e37bc]" started-at="2020-06-23T08:54:47 EDT" name="closeBrowser" finished-at="2020-06-23T08:54:51 EDT" duration-ms="4324" status="PASS">
          <reporter-output>
          </reporter-output>
        </test-method> <!-- closeBrowser -->
      </class> <!-- btAat062020.BeforeAndAfterMeth -->
    </test> <!-- Default test -->
  </suite> <!-- Default suite -->
</testng-results>
