<?xml version="1.0" encoding="UTF-8"?>
<testng-results ignored="0" total="2" passed="2" failed="0" skipped="0">
  <reporter-output>
  </reporter-output>
  <suite started-at="2020-06-23T17:39:03 EDT" name="Default suite" finished-at="2020-06-23T17:39:18 EDT" duration-ms="15013">
    <groups>
    </groups>
    <test started-at="2020-06-23T17:39:03 EDT" name="Default test" finished-at="2020-06-23T17:39:18 EDT" duration-ms="15013">
      <class name="btAat062020.BeforeAndAfterMeth">
        <test-method is-config="true" signature="openBrowser()[pri:0, instance:btAat062020.BeforeAndAfterMeth@197d671]" started-at="2020-06-23T17:39:03 EDT" name="openBrowser" finished-at="2020-06-23T17:39:13 EDT" duration-ms="9666" status="PASS">
          <reporter-output>
          </reporter-output>
        </test-method> <!-- openBrowser -->
        <test-method signature="signinFBTest()[pri:0, instance:btAat062020.BeforeAndAfterMeth@197d671]" started-at="2020-06-23T17:39:13 EDT" name="signinFBTest" finished-at="2020-06-23T17:39:13 EDT" duration-ms="462" status="PASS">
          <reporter-output>
          </reporter-output>
        </test-method> <!-- signinFBTest -->
        <test-method signature="signupFBTest()[pri:0, instance:btAat062020.BeforeAndAfterMeth@197d671]" started-at="2020-06-23T17:39:13 EDT" name="signupFBTest" finished-at="2020-06-23T17:39:14 EDT" duration-ms="519" status="PASS">
          <reporter-output>
          </reporter-output>
        </test-method> <!-- signupFBTest -->
        <test-method is-config="true" signature="closeBrowser()[pri:0, instance:btAat062020.BeforeAndAfterMeth@197d671]" started-at="2020-06-23T17:39:14 EDT" name="closeBrowser" finished-at="2020-06-23T17:39:18 EDT" duration-ms="4319" status="PASS">
          <reporter-output>
          </reporter-output>
        </test-method> <!-- closeBrowser -->
        <test-method is-config="true" signature="tearDown()[pri:0, instance:btAat062020.BeforeAndAfterMeth@197d671]" started-at="2020-06-23T17:39:18 EDT" name="tearDown" finished-at="2020-06-23T17:39:18 EDT" duration-ms="540" status="PASS">
          <reporter-output>
          </reporter-output>
        </test-method> <!-- tearDown -->
      </class> <!-- btAat062020.BeforeAndAfterMeth -->
    </test> <!-- Default test -->
  </suite> <!-- Default suite -->
</testng-results>
